<?xml version="1.0" encoding="UTF-8"?>
<testng-results skipped="0" failed="0" ignored="0" total="2" passed="2">
  <reporter-output>
  </reporter-output>
  <suite name="Suite" duration-ms="74042" started-at="2021-08-27T23:08:57 IST" finished-at="2021-08-27T23:10:12 IST">
    <groups>
    </groups>
    <test name="Test" duration-ms="74042" started-at="2021-08-27T23:08:57 IST" finished-at="2021-08-27T23:10:12 IST">
      <class name="com.testscenarios.Switchtab_stqa">
        <test-method status="PASS" signature="beforeTest()[pri:0, instance:com.testscenarios.Switchtab_stqa@d6da883]" name="beforeTest" is-config="true" duration-ms="10090" started-at="2021-08-27T23:09:11 IST" finished-at="2021-08-27T23:09:21 IST">
          <reporter-output>
          </reporter-output>
        </test-method> <!-- beforeTest -->
        <test-method status="PASS" signature="f()[pri:0, instance:com.testscenarios.Switchtab_stqa@d6da883]" name="f" duration-ms="21305" started-at="2021-08-27T23:09:21 IST" finished-at="2021-08-27T23:09:42 IST">
          <reporter-output>
          </reporter-output>
        </test-method> <!-- f -->
        <test-method status="PASS" signature="afterTest()[pri:0, instance:com.testscenarios.Switchtab_stqa@d6da883]" name="afterTest" is-config="true" duration-ms="10015" started-at="2021-08-27T23:10:02 IST" finished-at="2021-08-27T23:10:12 IST">
          <reporter-output>
          </reporter-output>
        </test-method> <!-- afterTest -->
      </class> <!-- com.testscenarios.Switchtab_stqa -->
      <class name="com.testscenarios.Popup_stqa">
        <test-method status="PASS" signature="beforeTest()[pri:0, instance:com.testscenarios.Popup_stqa@69a10787]" name="beforeTest" is-config="true" duration-ms="13503" started-at="2021-08-27T23:08:57 IST" finished-at="2021-08-27T23:09:11 IST">
          <reporter-output>
          </reporter-output>
        </test-method> <!-- beforeTest -->
        <test-method status="PASS" signature="f()[pri:0, instance:com.testscenarios.Popup_stqa@69a10787]" name="f" duration-ms="8245" started-at="2021-08-27T23:09:42 IST" finished-at="2021-08-27T23:09:51 IST">
          <reporter-output>
          </reporter-output>
        </test-method> <!-- f -->
        <test-method status="PASS" signature="afterTest()[pri:0, instance:com.testscenarios.Popup_stqa@69a10787]" name="afterTest" is-config="true" duration-ms="10797" started-at="2021-08-27T23:09:51 IST" finished-at="2021-08-27T23:10:02 IST">
          <reporter-output>
          </reporter-output>
        </test-method> <!-- afterTest -->
      </class> <!-- com.testscenarios.Popup_stqa -->
    </test> <!-- Test -->
  </suite> <!-- Suite -->
</testng-results>
